<?xml version="1.0" encoding="UTF-8"?>
<!-- Generated by org.testng.reporters.JUnitReportReporter -->
<testsuite hostname="matiurs-MacBook-Pro.local" name="Client" tests="1" failures="0" timestamp="25 Apr 2016 23:27:08 GMT" time="40.597" errors="0">
  <testcase name="testConversation" time="40.597" classname="Client"/>
</testsuite> <!-- Client -->
